<?xml version='1.0' encoding='UTF-8'?>
<testsuite hostname="newhaven-lx" name="CalculatorTest" tests="1" errors="0" failures="0" skipped="0" time="0.014" timestamp="2019-11-23T19:28:46">
                     <properties>
[...]
</properties>
                     <testcase classname="CalculatorTest" name="calculation general" time="0.014">
                                                 
                                               </testcase>
                     <system-out><![CDATA[]]></system-out>
                     <system-err><![CDATA[]]></system-err>
                   </testsuite>